[2017-05-12 11:16:12.235] [ERROR] console - (node:6480) UnhandledPromiseRejectionWarning: Unhandled promise rejection (rejection id: 1): TypeError: log.info is not a function
[2017-05-12 11:17:56.446] [ERROR] console - (node:6524) UnhandledPromiseRejectionWarning: Unhandled promise rejection (rejection id: 1): TypeError: log.info is not a function
[2017-05-12 15:09:16.396] [ERROR] routers.form - ReferenceError: r is not defined
    at /home/jeffwang/fe/xform/routes/form/index.js:12:45
    at process._tickCallback (internal/process/next_tick.js:103:7)
[2017-05-12 15:54:43.040] [ERROR] console - TypeError: log.error is not a function
    at /home/jeffwang/fe/xform/app.js:52:7
    at Layer.handle_error (/home/jeffwang/fe/xform/node_modules/express/lib/router/layer.js:71:5)
    at trim_prefix (/home/jeffwang/fe/xform/node_modules/express/lib/router/index.js:315:13)
    at /home/jeffwang/fe/xform/node_modules/express/lib/router/index.js:284:7
    at Function.process_params (/home/jeffwang/fe/xform/node_modules/express/lib/router/index.js:335:12)
    at next (/home/jeffwang/fe/xform/node_modules/express/lib/router/index.js:275:10)
    at /home/jeffwang/fe/xform/app.js:41:3
    at Layer.handle [as handle_request] (/home/jeffwang/fe/xform/node_modules/express/lib/router/layer.js:95:5)
    at trim_prefix (/home/jeffwang/fe/xform/node_modules/express/lib/router/index.js:317:13)
    at /home/jeffwang/fe/xform/node_modules/express/lib/router/index.js:284:7
[2017-05-12 15:55:22.468] [ERROR] app - { Error: Not Found
    at /home/jeffwang/fe/xform/app.js:39:13
    at Layer.handle [as handle_request] (/home/jeffwang/fe/xform/node_modules/express/lib/router/layer.js:95:5)
    at trim_prefix (/home/jeffwang/fe/xform/node_modules/express/lib/router/index.js:317:13)
    at /home/jeffwang/fe/xform/node_modules/express/lib/router/index.js:284:7
    at Function.process_params (/home/jeffwang/fe/xform/node_modules/express/lib/router/index.js:335:12)
    at next (/home/jeffwang/fe/xform/node_modules/express/lib/router/index.js:275:10)
    at /home/jeffwang/fe/xform/node_modules/express/lib/router/index.js:635:15
    at next (/home/jeffwang/fe/xform/node_modules/express/lib/router/index.js:260:14)
    at Function.handle (/home/jeffwang/fe/xform/node_modules/express/lib/router/index.js:174:3)
    at router (/home/jeffwang/fe/xform/node_modules/express/lib/router/index.js:47:12) status: 404 }
[2017-05-12 16:02:48.000] [ERROR] app - { Error: Not Found
    at /home/jeffwang/fe/xform/app.js:39:13
    at Layer.handle [as handle_request] (/home/jeffwang/fe/xform/node_modules/express/lib/router/layer.js:95:5)
    at trim_prefix (/home/jeffwang/fe/xform/node_modules/express/lib/router/index.js:317:13)
    at /home/jeffwang/fe/xform/node_modules/express/lib/router/index.js:284:7
    at Function.process_params (/home/jeffwang/fe/xform/node_modules/express/lib/router/index.js:335:12)
    at next (/home/jeffwang/fe/xform/node_modules/express/lib/router/index.js:275:10)
    at /home/jeffwang/fe/xform/node_modules/express/lib/router/index.js:635:15
    at next (/home/jeffwang/fe/xform/node_modules/express/lib/router/index.js:260:14)
    at Function.handle (/home/jeffwang/fe/xform/node_modules/express/lib/router/index.js:174:3)
    at router (/home/jeffwang/fe/xform/node_modules/express/lib/router/index.js:47:12) status: 404 }
[2017-05-12 16:14:56.187] [ERROR] routers.form - TypeError: id is not exsist
    at /home/jeffwang/fe/xform/routes/form/index.js:28:20
    at process._tickCallback (internal/process/next_tick.js:103:7)
[2017-05-12 16:16:52.527] [ERROR] routers.form - TypeError: id is not exsist
    at /home/jeffwang/fe/xform/routes/form/index.js:28:20
    at process._tickCallback (internal/process/next_tick.js:103:7)
[2017-05-12 16:26:38.943] [ERROR] app - { Error: Not Found
    at /home/jeffwang/fe/xform/app.js:39:13
    at Layer.handle [as handle_request] (/home/jeffwang/fe/xform/node_modules/express/lib/router/layer.js:95:5)
    at trim_prefix (/home/jeffwang/fe/xform/node_modules/express/lib/router/index.js:317:13)
    at /home/jeffwang/fe/xform/node_modules/express/lib/router/index.js:284:7
    at Function.process_params (/home/jeffwang/fe/xform/node_modules/express/lib/router/index.js:335:12)
    at next (/home/jeffwang/fe/xform/node_modules/express/lib/router/index.js:275:10)
    at /home/jeffwang/fe/xform/node_modules/express/lib/router/index.js:635:15
    at next (/home/jeffwang/fe/xform/node_modules/express/lib/router/index.js:260:14)
    at Function.handle (/home/jeffwang/fe/xform/node_modules/express/lib/router/index.js:174:3)
    at router (/home/jeffwang/fe/xform/node_modules/express/lib/router/index.js:47:12) status: 404 }
[2017-05-12 16:58:50.659] [ERROR] routers.form - { MongoError: After applying the update to the document {_id: ObjectId('59157925279c1b3f76d677ed') , ...}, the (immutable) field '_id' was found to have been altered to _id: "59157925279c1b3f76d677ed"
    at Function.MongoError.create (/home/jeffwang/fe/xform/node_modules/mongodb-core/lib/error.js:31:11)
    at toError (/home/jeffwang/fe/xform/node_modules/mongodb/lib/utils.js:139:22)
    at /home/jeffwang/fe/xform/node_modules/mongodb/lib/collection.js:1060:67
    at /home/jeffwang/fe/xform/node_modules/mongodb-core/lib/connection/pool.js:461:18
    at _combinedTickCallback (internal/process/next_tick.js:67:7)
    at process._tickCallback (internal/process/next_tick.js:98:9)
  name: 'MongoError',
  message: 'After applying the update to the document {_id: ObjectId(\'59157925279c1b3f76d677ed\') , ...}, the (immutable) field \'_id\' was found to have been altered to _id: "59157925279c1b3f76d677ed"',
  driver: true,
  index: 0,
  code: 66,
  errmsg: 'After applying the update to the document {_id: ObjectId(\'59157925279c1b3f76d677ed\') , ...}, the (immutable) field \'_id\' was found to have been altered to _id: "59157925279c1b3f76d677ed"' }
