[2017-05-18 00:21:49.608] [ERROR] app - TypeError: Question.collection(...).sort is not a function
    at Question.findList (/home/jeffwang/fe/xform/db/question.js:28:54)
    at router.get (/home/jeffwang/fe/xform/routes/statistics/index.js:19:12)
    at Layer.handle [as handle_request] (/home/jeffwang/fe/xform/node_modules/express/lib/router/layer.js:95:5)
    at next (/home/jeffwang/fe/xform/node_modules/express/lib/router/route.js:137:13)
    at Route.dispatch (/home/jeffwang/fe/xform/node_modules/express/lib/router/route.js:112:3)
    at Layer.handle [as handle_request] (/home/jeffwang/fe/xform/node_modules/express/lib/router/layer.js:95:5)
    at /home/jeffwang/fe/xform/node_modules/express/lib/router/index.js:281:22
    at param (/home/jeffwang/fe/xform/node_modules/express/lib/router/index.js:354:14)
    at param (/home/jeffwang/fe/xform/node_modules/express/lib/router/index.js:365:14)
    at Function.process_params (/home/jeffwang/fe/xform/node_modules/express/lib/router/index.js:410:3)
[2017-05-18 00:32:56.581] [ERROR] db - { MongoError: failed to connect to server [112.74.170.73:21000] on first connect [MongoError: connect ENETUNREACH 112.74.170.73:21000 - Local (0.0.0.0:0)]
    at Pool.eventHandler (/home/jeffwang/fe/xform/node_modules/mongodb-core/lib/topologies/server.js:328:35)
    at emitOne (events.js:96:13)
    at Pool.emit (events.js:188:7)
    at Connection.<anonymous> (/home/jeffwang/fe/xform/node_modules/mongodb-core/lib/connection/pool.js:274:12)
    at Connection.g (events.js:291:16)
    at emitTwo (events.js:106:13)
    at Connection.emit (events.js:191:7)
    at Socket.errorHandler (/home/jeffwang/fe/xform/node_modules/mongodb-core/lib/connection/connection.js:177:49)
    at Socket.g (events.js:291:16)
    at emitOne (events.js:96:13)
  name: 'MongoError',
  message: 'failed to connect to server [112.74.170.73:21000] on first connect [MongoError: connect ENETUNREACH 112.74.170.73:21000 - Local (0.0.0.0:0)]' }
[2017-05-18 00:33:04.860] [ERROR] console - (node:45406) UnhandledPromiseRejectionWarning: Unhandled promise rejection (rejection id: 1): MongoError: failed to connect to server [112.74.170.73:21000] on first connect [MongoError: connect ENETUNREACH 112.74.170.73:21000 - Local (0.0.0.0:0)]
[2017-05-18 01:28:52.614] [ERROR] routers.statistics - TypeError: Cannot read property 'count' of undefined
    at router.get.Question.findList.then.docs.forEach.doc.items.forEach.Answer.countByLabel.then (/home/jeffwang/fe/xform/routes/statistics/index.js:31:28)
    at process._tickCallback (internal/process/next_tick.js:103:7)
[2017-05-18 09:34:15.354] [ERROR] routers.statistics - TypeError: Assignment to constant variable.
    at router.get.Question.findList.then.docs.map (/home/jeffwang/fe/xform/routes/statistics/index.js:30:19)
    at Array.map (native)
    at router.get.Question.findList.then (/home/jeffwang/fe/xform/routes/statistics/index.js:22:24)
    at process._tickCallback (internal/process/next_tick.js:103:7)
[2017-05-18 10:15:22.239] [ERROR] routers.statistics - ReferenceError: count is not defined
    at Answer.countByLabel.then (/home/jeffwang/fe/xform/routes/statistics/index.js:51:23)
    at process._tickCallback (internal/process/next_tick.js:103:7)
[2017-05-18 22:02:08.789] [ERROR] app - { Error: Not Found
    at /home/jeffwang/fe/xform/app.js:50:13
    at Layer.handle [as handle_request] (/home/jeffwang/fe/xform/node_modules/express/lib/router/layer.js:95:5)
    at trim_prefix (/home/jeffwang/fe/xform/node_modules/express/lib/router/index.js:317:13)
    at /home/jeffwang/fe/xform/node_modules/express/lib/router/index.js:284:7
    at Function.process_params (/home/jeffwang/fe/xform/node_modules/express/lib/router/index.js:335:12)
    at next (/home/jeffwang/fe/xform/node_modules/express/lib/router/index.js:275:10)
    at SendStream.error (/home/jeffwang/fe/xform/node_modules/serve-static/index.js:121:7)
    at emitOne (events.js:96:13)
    at SendStream.emit (events.js:188:7)
    at SendStream.error (/home/jeffwang/fe/xform/node_modules/send/index.js:282:17) status: 404 }
[2017-05-18 22:02:09.277] [ERROR] app - { Error: Not Found
    at /home/jeffwang/fe/xform/app.js:50:13
    at Layer.handle [as handle_request] (/home/jeffwang/fe/xform/node_modules/express/lib/router/layer.js:95:5)
    at trim_prefix (/home/jeffwang/fe/xform/node_modules/express/lib/router/index.js:317:13)
    at /home/jeffwang/fe/xform/node_modules/express/lib/router/index.js:284:7
    at Function.process_params (/home/jeffwang/fe/xform/node_modules/express/lib/router/index.js:335:12)
    at next (/home/jeffwang/fe/xform/node_modules/express/lib/router/index.js:275:10)
    at SendStream.error (/home/jeffwang/fe/xform/node_modules/serve-static/index.js:121:7)
    at emitOne (events.js:96:13)
    at SendStream.emit (events.js:188:7)
    at SendStream.error (/home/jeffwang/fe/xform/node_modules/send/index.js:282:17) status: 404 }
[2017-05-18 22:03:04.495] [ERROR] app - { Error: Not Found
    at /home/jeffwang/fe/xform/app.js:50:13
    at Layer.handle [as handle_request] (/home/jeffwang/fe/xform/node_modules/express/lib/router/layer.js:95:5)
    at trim_prefix (/home/jeffwang/fe/xform/node_modules/express/lib/router/index.js:317:13)
    at /home/jeffwang/fe/xform/node_modules/express/lib/router/index.js:284:7
    at Function.process_params (/home/jeffwang/fe/xform/node_modules/express/lib/router/index.js:335:12)
    at next (/home/jeffwang/fe/xform/node_modules/express/lib/router/index.js:275:10)
    at SendStream.error (/home/jeffwang/fe/xform/node_modules/serve-static/index.js:121:7)
    at emitOne (events.js:96:13)
    at SendStream.emit (events.js:188:7)
    at SendStream.error (/home/jeffwang/fe/xform/node_modules/send/index.js:282:17) status: 404 }
